[2023-12-26 09:00:04] local.ERROR: Failed to authenticate on SMTP server with username "ems@cogenteservices.in" using the following authenticators: "LOGIN", "PLAIN". Authenticator "LOGIN" returned "Expected response code "235" but got code "535", with message "535 5.7.8 Error: authentication failed: authentication failure".". Authenticator "PLAIN" returned "Expected response code "235" but got code "535", with message "535 5.7.8 Error: authentication failed: authentication failure".". {"exception":"[object] (Symfony\\Component\\Mailer\\Exception\\TransportException(code: 535): Failed to authenticate on SMTP server with username \"ems@cogenteservices.in\" using the following authenticators: \"LOGIN\", \"PLAIN\". Authenticator \"LOGIN\" returned \"Expected response code \"235\" but got code \"535\", with message \"535 5.7.8 Error: authentication failed: authentication failure\".\". Authenticator \"PLAIN\" returned \"Expected response code \"235\" but got code \"535\", with message \"535 5.7.8 Error: authentication failed: authentication failure\".\". at D:\\wamp\\www\\lms\\vendor\\symfony\\mailer\\Transport\\Smtp\\EsmtpTransport.php:212)
[stacktrace]
#0 D:\\wamp\\www\\lms\\vendor\\symfony\\mailer\\Transport\\Smtp\\EsmtpTransport.php(148): Symfony\\Component\\Mailer\\Transport\\Smtp\\EsmtpTransport->handleAuth(Array)
#1 D:\\wamp\\www\\lms\\vendor\\symfony\\mailer\\Transport\\Smtp\\EsmtpTransport.php(105): Symfony\\Component\\Mailer\\Transport\\Smtp\\EsmtpTransport->doEhloCommand()
#2 D:\\wamp\\www\\lms\\vendor\\symfony\\mailer\\Transport\\Smtp\\SmtpTransport.php(254): Symfony\\Component\\Mailer\\Transport\\Smtp\\EsmtpTransport->executeCommand('HELO [127.0.0.1...', Array)
#3 D:\\wamp\\www\\lms\\vendor\\symfony\\mailer\\Transport\\Smtp\\SmtpTransport.php(277): Symfony\\Component\\Mailer\\Transport\\Smtp\\SmtpTransport->doHeloCommand()
#4 D:\\wamp\\www\\lms\\vendor\\symfony\\mailer\\Transport\\Smtp\\SmtpTransport.php(213): Symfony\\Component\\Mailer\\Transport\\Smtp\\SmtpTransport->start()
#5 D:\\wamp\\www\\lms\\vendor\\symfony\\mailer\\Transport\\AbstractTransport.php(69): Symfony\\Component\\Mailer\\Transport\\Smtp\\SmtpTransport->doSend(Object(Symfony\\Component\\Mailer\\SentMessage))
#6 D:\\wamp\\www\\lms\\vendor\\symfony\\mailer\\Transport\\Smtp\\SmtpTransport.php(137): Symfony\\Component\\Mailer\\Transport\\AbstractTransport->send(Object(Symfony\\Component\\Mime\\Email), Object(Symfony\\Component\\Mailer\\DelayedEnvelope))
#7 D:\\wamp\\www\\lms\\vendor\\laravel\\framework\\src\\Illuminate\\Mail\\Mailer.php(539): Symfony\\Component\\Mailer\\Transport\\Smtp\\SmtpTransport->send(Object(Symfony\\Component\\Mime\\Email), Object(Symfony\\Component\\Mailer\\DelayedEnvelope))
#8 D:\\wamp\\www\\lms\\vendor\\laravel\\framework\\src\\Illuminate\\Mail\\Mailer.php(303): Illuminate\\Mail\\Mailer->sendSymfonyMessage(Object(Symfony\\Component\\Mime\\Email))
#9 D:\\wamp\\www\\lms\\vendor\\laravel\\framework\\src\\Illuminate\\Notifications\\Channels\\MailChannel.php(67): Illuminate\\Mail\\Mailer->send(Object(Illuminate\\Support\\HtmlString), Array, Object(Closure))
#10 D:\\wamp\\www\\lms\\vendor\\laravel\\framework\\src\\Illuminate\\Notifications\\NotificationSender.php(148): Illuminate\\Notifications\\Channels\\MailChannel->send(Object(App\\User), Object(Illuminate\\Auth\\Notifications\\ResetPassword))
#11 D:\\wamp\\www\\lms\\vendor\\laravel\\framework\\src\\Illuminate\\Notifications\\NotificationSender.php(106): Illuminate\\Notifications\\NotificationSender->sendToNotifiable(Object(App\\User), 'f29e6d91-4c14-4...', Object(Illuminate\\Auth\\Notifications\\ResetPassword), 'mail')
#12 D:\\wamp\\www\\lms\\vendor\\laravel\\framework\\src\\Illuminate\\Support\\Traits\\Localizable.php(19): Illuminate\\Notifications\\NotificationSender->Illuminate\\Notifications\\{closure}()
#13 D:\\wamp\\www\\lms\\vendor\\laravel\\framework\\src\\Illuminate\\Notifications\\NotificationSender.php(109): Illuminate\\Notifications\\NotificationSender->withLocale(NULL, Object(Closure))
#14 D:\\wamp\\www\\lms\\vendor\\laravel\\framework\\src\\Illuminate\\Notifications\\NotificationSender.php(79): Illuminate\\Notifications\\NotificationSender->sendNow(Object(Illuminate\\Database\\Eloquent\\Collection), Object(Illuminate\\Auth\\Notifications\\ResetPassword))
#15 D:\\wamp\\www\\lms\\vendor\\laravel\\framework\\src\\Illuminate\\Notifications\\ChannelManager.php(39): Illuminate\\Notifications\\NotificationSender->send(Object(Illuminate\\Database\\Eloquent\\Collection), Object(Illuminate\\Auth\\Notifications\\ResetPassword))
#16 D:\\wamp\\www\\lms\\vendor\\laravel\\framework\\src\\Illuminate\\Notifications\\RoutesNotifications.php(18): Illuminate\\Notifications\\ChannelManager->send(Object(App\\User), Object(Illuminate\\Auth\\Notifications\\ResetPassword))
#17 D:\\wamp\\www\\lms\\vendor\\laravel\\framework\\src\\Illuminate\\Auth\\Passwords\\CanResetPassword.php(27): App\\User->notify(Object(Illuminate\\Auth\\Notifications\\ResetPassword))
#18 D:\\wamp\\www\\lms\\vendor\\laravel\\framework\\src\\Illuminate\\Auth\\Passwords\\PasswordBroker.php(71): Illuminate\\Foundation\\Auth\\User->sendPasswordResetNotification('aa6b9a45640e36b...')
#19 D:\\wamp\\www\\lms\\vendor\\laravel\\ui\\auth-backend\\SendsPasswordResetEmails.php(37): Illuminate\\Auth\\Passwords\\PasswordBroker->sendResetLink(Array)
#20 D:\\wamp\\www\\lms\\vendor\\laravel\\framework\\src\\Illuminate\\Routing\\Controller.php(54): App\\Http\\Controllers\\Auth\\ForgotPasswordController->sendResetLinkEmail(Object(Illuminate\\Http\\Request))
#21 D:\\wamp\\www\\lms\\vendor\\laravel\\framework\\src\\Illuminate\\Routing\\ControllerDispatcher.php(43): Illuminate\\Routing\\Controller->callAction('sendResetLinkEm...', Array)
#22 D:\\wamp\\www\\lms\\vendor\\laravel\\framework\\src\\Illuminate\\Routing\\Route.php(260): Illuminate\\Routing\\ControllerDispatcher->dispatch(Object(Illuminate\\Routing\\Route), Object(App\\Http\\Controllers\\Auth\\ForgotPasswordController), 'sendResetLinkEm...')
#23 D:\\wamp\\www\\lms\\vendor\\laravel\\framework\\src\\Illuminate\\Routing\\Route.php(205): Illuminate\\Routing\\Route->runController()
#24 D:\\wamp\\www\\lms\\vendor\\laravel\\framework\\src\\Illuminate\\Routing\\Router.php(798): Illuminate\\Routing\\Route->run()
#25 D:\\wamp\\www\\lms\\vendor\\laravel\\framework\\src\\Illuminate\\Pipeline\\Pipeline.php(141): Illuminate\\Routing\\Router->Illuminate\\Routing\\{closure}(Object(Illuminate\\Http\\Request))
#26 D:\\wamp\\www\\lms\\vendor\\laravel\\framework\\src\\Illuminate\\Routing\\Middleware\\SubstituteBindings.php(50): Illuminate\\Pipeline\\Pipeline->Illuminate\\Pipeline\\{closure}(Object(Illuminate\\Http\\Request))
#27 D:\\wamp\\www\\lms\\vendor\\laravel\\framework\\src\\Illuminate\\Pipeline\\Pipeline.php(180): Illuminate\\Routing\\Middleware\\SubstituteBindings->handle(Object(Illuminate\\Http\\Request), Object(Closure))
#28 D:\\wamp\\www\\lms\\vendor\\laravel\\framework\\src\\Illuminate\\Foundation\\Http\\Middleware\\VerifyCsrfToken.php(78): Illuminate\\Pipeline\\Pipeline->Illuminate\\Pipeline\\{closure}(Object(Illuminate\\Http\\Request))
#29 D:\\wamp\\www\\lms\\vendor\\laravel\\framework\\src\\Illuminate\\Pipeline\\Pipeline.php(180): Illuminate\\Foundation\\Http\\Middleware\\VerifyCsrfToken->handle(Object(Illuminate\\Http\\Request), Object(Closure))
#30 D:\\wamp\\www\\lms\\vendor\\laravel\\framework\\src\\Illuminate\\View\\Middleware\\ShareErrorsFromSession.php(49): Illuminate\\Pipeline\\Pipeline->Illuminate\\Pipeline\\{closure}(Object(Illuminate\\Http\\Request))
#31 D:\\wamp\\www\\lms\\vendor\\laravel\\framework\\src\\Illuminate\\Pipeline\\Pipeline.php(180): Illuminate\\View\\Middleware\\ShareErrorsFromSession->handle(Object(Illuminate\\Http\\Request), Object(Closure))
#32 D:\\wamp\\www\\lms\\vendor\\laravel\\framework\\src\\Illuminate\\Session\\Middleware\\StartSession.php(121): Illuminate\\Pipeline\\Pipeline->Illuminate\\Pipeline\\{closure}(Object(Illuminate\\Http\\Request))
#33 D:\\wamp\\www\\lms\\vendor\\laravel\\framework\\src\\Illuminate\\Session\\Middleware\\StartSession.php(64): Illuminate\\Session\\Middleware\\StartSession->handleStatefulRequest(Object(Illuminate\\Http\\Request), Object(Illuminate\\Session\\Store), Object(Closure))
#34 D:\\wamp\\www\\lms\\vendor\\laravel\\framework\\src\\Illuminate\\Pipeline\\Pipeline.php(180): Illuminate\\Session\\Middleware\\StartSession->handle(Object(Illuminate\\Http\\Request), Object(Closure))
#35 D:\\wamp\\www\\lms\\vendor\\laravel\\framework\\src\\Illuminate\\Cookie\\Middleware\\AddQueuedCookiesToResponse.php(37): Illuminate\\Pipeline\\Pipeline->Illuminate\\Pipeline\\{closure}(Object(Illuminate\\Http\\Request))
#36 D:\\wamp\\www\\lms\\vendor\\laravel\\framework\\src\\Illuminate\\Pipeline\\Pipeline.php(180): Illuminate\\Cookie\\Middleware\\AddQueuedCookiesToResponse->handle(Object(Illuminate\\Http\\Request), Object(Closure))
#37 D:\\wamp\\www\\lms\\vendor\\laravel\\framework\\src\\Illuminate\\Cookie\\Middleware\\EncryptCookies.php(67): Illuminate\\Pipeline\\Pipeline->Illuminate\\Pipeline\\{closure}(Object(Illuminate\\Http\\Request))
#38 D:\\wamp\\www\\lms\\vendor\\laravel\\framework\\src\\Illuminate\\Pipeline\\Pipeline.php(180): Illuminate\\Cookie\\Middleware\\EncryptCookies->handle(Object(Illuminate\\Http\\Request), Object(Closure))
#39 D:\\wamp\\www\\lms\\vendor\\laravel\\framework\\src\\Illuminate\\Pipeline\\Pipeline.php(116): Illuminate\\Pipeline\\Pipeline->Illuminate\\Pipeline\\{closure}(Object(Illuminate\\Http\\Request))
#40 D:\\wamp\\www\\lms\\vendor\\laravel\\framework\\src\\Illuminate\\Routing\\Router.php(799): Illuminate\\Pipeline\\Pipeline->then(Object(Closure))
#41 D:\\wamp\\www\\lms\\vendor\\laravel\\framework\\src\\Illuminate\\Routing\\Router.php(776): Illuminate\\Routing\\Router->runRouteWithinStack(Object(Illuminate\\Routing\\Route), Object(Illuminate\\Http\\Request))
#42 D:\\wamp\\www\\lms\\vendor\\laravel\\framework\\src\\Illuminate\\Routing\\Router.php(740): Illuminate\\Routing\\Router->runRoute(Object(Illuminate\\Http\\Request), Object(Illuminate\\Routing\\Route))
#43 D:\\wamp\\www\\lms\\vendor\\laravel\\framework\\src\\Illuminate\\Routing\\Router.php(729): Illuminate\\Routing\\Router->dispatchToRoute(Object(Illuminate\\Http\\Request))
#44 D:\\wamp\\www\\lms\\vendor\\laravel\\framework\\src\\Illuminate\\Foundation\\Http\\Kernel.php(200): Illuminate\\Routing\\Router->dispatch(Object(Illuminate\\Http\\Request))
#45 D:\\wamp\\www\\lms\\vendor\\laravel\\framework\\src\\Illuminate\\Pipeline\\Pipeline.php(141): Illuminate\\Foundation\\Http\\Kernel->Illuminate\\Foundation\\Http\\{closure}(Object(Illuminate\\Http\\Request))
#46 D:\\wamp\\www\\lms\\vendor\\laravel\\framework\\src\\Illuminate\\Foundation\\Http\\Middleware\\TransformsRequest.php(21): Illuminate\\Pipeline\\Pipeline->Illuminate\\Pipeline\\{closure}(Object(Illuminate\\Http\\Request))
#47 D:\\wamp\\www\\lms\\vendor\\laravel\\framework\\src\\Illuminate\\Foundation\\Http\\Middleware\\ConvertEmptyStringsToNull.php(31): Illuminate\\Foundation\\Http\\Middleware\\TransformsRequest->handle(Object(Illuminate\\Http\\Request), Object(Closure))
#48 D:\\wamp\\www\\lms\\vendor\\laravel\\framework\\src\\Illuminate\\Pipeline\\Pipeline.php(180): Illuminate\\Foundation\\Http\\Middleware\\ConvertEmptyStringsToNull->handle(Object(Illuminate\\Http\\Request), Object(Closure))
#49 D:\\wamp\\www\\lms\\vendor\\laravel\\framework\\src\\Illuminate\\Foundation\\Http\\Middleware\\TransformsRequest.php(21): Illuminate\\Pipeline\\Pipeline->Illuminate\\Pipeline\\{closure}(Object(Illuminate\\Http\\Request))
#50 D:\\wamp\\www\\lms\\vendor\\laravel\\framework\\src\\Illuminate\\Foundation\\Http\\Middleware\\TrimStrings.php(40): Illuminate\\Foundation\\Http\\Middleware\\TransformsRequest->handle(Object(Illuminate\\Http\\Request), Object(Closure))
#51 D:\\wamp\\www\\lms\\vendor\\laravel\\framework\\src\\Illuminate\\Pipeline\\Pipeline.php(180): Illuminate\\Foundation\\Http\\Middleware\\TrimStrings->handle(Object(Illuminate\\Http\\Request), Object(Closure))
#52 D:\\wamp\\www\\lms\\vendor\\laravel\\framework\\src\\Illuminate\\Foundation\\Http\\Middleware\\ValidatePostSize.php(27): Illuminate\\Pipeline\\Pipeline->Illuminate\\Pipeline\\{closure}(Object(Illuminate\\Http\\Request))
#53 D:\\wamp\\www\\lms\\vendor\\laravel\\framework\\src\\Illuminate\\Pipeline\\Pipeline.php(180): Illuminate\\Foundation\\Http\\Middleware\\ValidatePostSize->handle(Object(Illuminate\\Http\\Request), Object(Closure))
#54 D:\\wamp\\www\\lms\\vendor\\laravel\\framework\\src\\Illuminate\\Foundation\\Http\\Middleware\\PreventRequestsDuringMaintenance.php(86): Illuminate\\Pipeline\\Pipeline->Illuminate\\Pipeline\\{closure}(Object(Illuminate\\Http\\Request))
#55 D:\\wamp\\www\\lms\\vendor\\laravel\\framework\\src\\Illuminate\\Pipeline\\Pipeline.php(180): Illuminate\\Foundation\\Http\\Middleware\\PreventRequestsDuringMaintenance->handle(Object(Illuminate\\Http\\Request), Object(Closure))
#56 D:\\wamp\\www\\lms\\vendor\\laravel\\framework\\src\\Illuminate\\Http\\Middleware\\HandleCors.php(49): Illuminate\\Pipeline\\Pipeline->Illuminate\\Pipeline\\{closure}(Object(Illuminate\\Http\\Request))
#57 D:\\wamp\\www\\lms\\vendor\\laravel\\framework\\src\\Illuminate\\Pipeline\\Pipeline.php(180): Illuminate\\Http\\Middleware\\HandleCors->handle(Object(Illuminate\\Http\\Request), Object(Closure))
#58 D:\\wamp\\www\\lms\\vendor\\laravel\\framework\\src\\Illuminate\\Http\\Middleware\\TrustProxies.php(39): Illuminate\\Pipeline\\Pipeline->Illuminate\\Pipeline\\{closure}(Object(Illuminate\\Http\\Request))
#59 D:\\wamp\\www\\lms\\vendor\\laravel\\framework\\src\\Illuminate\\Pipeline\\Pipeline.php(180): Illuminate\\Http\\Middleware\\TrustProxies->handle(Object(Illuminate\\Http\\Request), Object(Closure))
#60 D:\\wamp\\www\\lms\\vendor\\laravel\\framework\\src\\Illuminate\\Pipeline\\Pipeline.php(116): Illuminate\\Pipeline\\Pipeline->Illuminate\\Pipeline\\{closure}(Object(Illuminate\\Http\\Request))
#61 D:\\wamp\\www\\lms\\vendor\\laravel\\framework\\src\\Illuminate\\Foundation\\Http\\Kernel.php(175): Illuminate\\Pipeline\\Pipeline->then(Object(Closure))
#62 D:\\wamp\\www\\lms\\vendor\\laravel\\framework\\src\\Illuminate\\Foundation\\Http\\Kernel.php(144): Illuminate\\Foundation\\Http\\Kernel->sendRequestThroughRouter(Object(Illuminate\\Http\\Request))
#63 D:\\wamp\\www\\lms\\public\\index.php(55): Illuminate\\Foundation\\Http\\Kernel->handle(Object(Illuminate\\Http\\Request))
#64 {main}
"} 
[2023-12-26 09:05:22] local.ERROR: Cannot redeclare classAckTestOpen() (previously declared in D:\wamp\www\lms\app\helpers.php:5) {"exception":"[object] (Symfony\\Component\\ErrorHandler\\Error\\FatalError(code: 0): Cannot redeclare classAckTestOpen() (previously declared in D:\\wamp\\www\\lms\\app\\helpers.php:5) at D:\\wamp\\www\\lms\\app\\helpers.php:5)
[stacktrace]
#0 {main}
"} 
[2023-12-26 09:06:10] local.ERROR: Cannot redeclare classAckTestOpen() (previously declared in D:\wamp\www\lms\app\helpers.php:5) {"exception":"[object] (Symfony\\Component\\ErrorHandler\\Error\\FatalError(code: 0): Cannot redeclare classAckTestOpen() (previously declared in D:\\wamp\\www\\lms\\app\\helpers.php:5) at D:\\wamp\\www\\lms\\app\\helpers.php:5)
[stacktrace]
#0 {main}
"} 
[2023-12-26 09:07:10] local.ERROR: Cannot redeclare classAckTestOpen() (previously declared in D:\wamp\www\lms\app\helpers.php:5) {"exception":"[object] (Symfony\\Component\\ErrorHandler\\Error\\FatalError(code: 0): Cannot redeclare classAckTestOpen() (previously declared in D:\\wamp\\www\\lms\\app\\helpers.php:5) at D:\\wamp\\www\\lms\\app\\helpers.php:5)
[stacktrace]
#0 {main}
"} 
[2023-12-26 09:08:14] local.ERROR: Cannot redeclare classAckTestOpen() (previously declared in D:\wamp\www\lms\app\helpers.php:5) {"exception":"[object] (Symfony\\Component\\ErrorHandler\\Error\\FatalError(code: 0): Cannot redeclare classAckTestOpen() (previously declared in D:\\wamp\\www\\lms\\app\\helpers.php:5) at D:\\wamp\\www\\lms\\app\\helpers.php:5)
[stacktrace]
#0 {main}
"} 
[2023-12-26 09:09:11] local.ERROR: Cannot redeclare classAckTestOpen() (previously declared in D:\wamp\www\lms\app\helpers.php:5) {"exception":"[object] (Symfony\\Component\\ErrorHandler\\Error\\FatalError(code: 0): Cannot redeclare classAckTestOpen() (previously declared in D:\\wamp\\www\\lms\\app\\helpers.php:5) at D:\\wamp\\www\\lms\\app\\helpers.php:5)
[stacktrace]
#0 {main}
"} 
[2023-12-26 09:10:11] local.ERROR: Cannot redeclare classAckTestOpen() (previously declared in D:\wamp\www\lms\app\helpers.php:5) {"exception":"[object] (Symfony\\Component\\ErrorHandler\\Error\\FatalError(code: 0): Cannot redeclare classAckTestOpen() (previously declared in D:\\wamp\\www\\lms\\app\\helpers.php:5) at D:\\wamp\\www\\lms\\app\\helpers.php:5)
[stacktrace]
#0 {main}
"} 
[2023-12-26 09:11:14] local.ERROR: Cannot redeclare classAckTestOpen() (previously declared in D:\wamp\www\lms\app\helpers.php:5) {"exception":"[object] (Symfony\\Component\\ErrorHandler\\Error\\FatalError(code: 0): Cannot redeclare classAckTestOpen() (previously declared in D:\\wamp\\www\\lms\\app\\helpers.php:5) at D:\\wamp\\www\\lms\\app\\helpers.php:5)
[stacktrace]
#0 {main}
"} 
[2023-12-26 09:12:11] local.ERROR: Cannot redeclare classAckTestOpen() (previously declared in D:\wamp\www\lms\app\helpers.php:5) {"exception":"[object] (Symfony\\Component\\ErrorHandler\\Error\\FatalError(code: 0): Cannot redeclare classAckTestOpen() (previously declared in D:\\wamp\\www\\lms\\app\\helpers.php:5) at D:\\wamp\\www\\lms\\app\\helpers.php:5)
[stacktrace]
#0 {main}
"} 
[2023-12-26 09:13:11] local.ERROR: Cannot redeclare classAckTestOpen() (previously declared in D:\wamp\www\lms\app\helpers.php:5) {"exception":"[object] (Symfony\\Component\\ErrorHandler\\Error\\FatalError(code: 0): Cannot redeclare classAckTestOpen() (previously declared in D:\\wamp\\www\\lms\\app\\helpers.php:5) at D:\\wamp\\www\\lms\\app\\helpers.php:5)
[stacktrace]
#0 {main}
"} 
[2023-12-26 09:14:14] local.ERROR: Cannot redeclare classAckTestOpen() (previously declared in D:\wamp\www\lms\app\helpers.php:5) {"exception":"[object] (Symfony\\Component\\ErrorHandler\\Error\\FatalError(code: 0): Cannot redeclare classAckTestOpen() (previously declared in D:\\wamp\\www\\lms\\app\\helpers.php:5) at D:\\wamp\\www\\lms\\app\\helpers.php:5)
[stacktrace]
#0 {main}
"} 
[2023-12-26 09:15:11] local.ERROR: Cannot redeclare classAckTestOpen() (previously declared in D:\wamp\www\lms\app\helpers.php:5) {"exception":"[object] (Symfony\\Component\\ErrorHandler\\Error\\FatalError(code: 0): Cannot redeclare classAckTestOpen() (previously declared in D:\\wamp\\www\\lms\\app\\helpers.php:5) at D:\\wamp\\www\\lms\\app\\helpers.php:5)
[stacktrace]
#0 {main}
"} 
[2023-12-26 09:16:11] local.ERROR: Cannot redeclare classAckTestOpen() (previously declared in D:\wamp\www\lms\app\helpers.php:5) {"exception":"[object] (Symfony\\Component\\ErrorHandler\\Error\\FatalError(code: 0): Cannot redeclare classAckTestOpen() (previously declared in D:\\wamp\\www\\lms\\app\\helpers.php:5) at D:\\wamp\\www\\lms\\app\\helpers.php:5)
[stacktrace]
#0 {main}
"} 
[2023-12-26 09:17:14] local.ERROR: Cannot redeclare classAckTestOpen() (previously declared in D:\wamp\www\lms\app\helpers.php:5) {"exception":"[object] (Symfony\\Component\\ErrorHandler\\Error\\FatalError(code: 0): Cannot redeclare classAckTestOpen() (previously declared in D:\\wamp\\www\\lms\\app\\helpers.php:5) at D:\\wamp\\www\\lms\\app\\helpers.php:5)
[stacktrace]
#0 {main}
"} 
[2023-12-26 09:18:11] local.ERROR: Cannot redeclare classAckTestOpen() (previously declared in D:\wamp\www\lms\app\helpers.php:5) {"exception":"[object] (Symfony\\Component\\ErrorHandler\\Error\\FatalError(code: 0): Cannot redeclare classAckTestOpen() (previously declared in D:\\wamp\\www\\lms\\app\\helpers.php:5) at D:\\wamp\\www\\lms\\app\\helpers.php:5)
[stacktrace]
#0 {main}
"} 
[2023-12-26 09:19:11] local.ERROR: Cannot redeclare classAckTestOpen() (previously declared in D:\wamp\www\lms\app\helpers.php:5) {"exception":"[object] (Symfony\\Component\\ErrorHandler\\Error\\FatalError(code: 0): Cannot redeclare classAckTestOpen() (previously declared in D:\\wamp\\www\\lms\\app\\helpers.php:5) at D:\\wamp\\www\\lms\\app\\helpers.php:5)
[stacktrace]
#0 {main}
"} 
[2023-12-26 09:20:14] local.ERROR: Cannot redeclare classAckTestOpen() (previously declared in D:\wamp\www\lms\app\helpers.php:5) {"exception":"[object] (Symfony\\Component\\ErrorHandler\\Error\\FatalError(code: 0): Cannot redeclare classAckTestOpen() (previously declared in D:\\wamp\\www\\lms\\app\\helpers.php:5) at D:\\wamp\\www\\lms\\app\\helpers.php:5)
[stacktrace]
#0 {main}
"} 
[2023-12-26 09:21:11] local.ERROR: Cannot redeclare classAckTestOpen() (previously declared in D:\wamp\www\lms\app\helpers.php:5) {"exception":"[object] (Symfony\\Component\\ErrorHandler\\Error\\FatalError(code: 0): Cannot redeclare classAckTestOpen() (previously declared in D:\\wamp\\www\\lms\\app\\helpers.php:5) at D:\\wamp\\www\\lms\\app\\helpers.php:5)
[stacktrace]
#0 {main}
"} 
[2023-12-26 09:22:11] local.ERROR: Cannot redeclare classAckTestOpen() (previously declared in D:\wamp\www\lms\app\helpers.php:5) {"exception":"[object] (Symfony\\Component\\ErrorHandler\\Error\\FatalError(code: 0): Cannot redeclare classAckTestOpen() (previously declared in D:\\wamp\\www\\lms\\app\\helpers.php:5) at D:\\wamp\\www\\lms\\app\\helpers.php:5)
[stacktrace]
#0 {main}
"} 
[2023-12-26 09:23:14] local.ERROR: Cannot redeclare classAckTestOpen() (previously declared in D:\wamp\www\lms\app\helpers.php:5) {"exception":"[object] (Symfony\\Component\\ErrorHandler\\Error\\FatalError(code: 0): Cannot redeclare classAckTestOpen() (previously declared in D:\\wamp\\www\\lms\\app\\helpers.php:5) at D:\\wamp\\www\\lms\\app\\helpers.php:5)
[stacktrace]
#0 {main}
"} 
[2023-12-26 09:24:11] local.ERROR: Cannot redeclare classAckTestOpen() (previously declared in D:\wamp\www\lms\app\helpers.php:5) {"exception":"[object] (Symfony\\Component\\ErrorHandler\\Error\\FatalError(code: 0): Cannot redeclare classAckTestOpen() (previously declared in D:\\wamp\\www\\lms\\app\\helpers.php:5) at D:\\wamp\\www\\lms\\app\\helpers.php:5)
[stacktrace]
#0 {main}
"} 
[2023-12-26 09:25:11] local.ERROR: Cannot redeclare classAckTestOpen() (previously declared in D:\wamp\www\lms\app\helpers.php:5) {"exception":"[object] (Symfony\\Component\\ErrorHandler\\Error\\FatalError(code: 0): Cannot redeclare classAckTestOpen() (previously declared in D:\\wamp\\www\\lms\\app\\helpers.php:5) at D:\\wamp\\www\\lms\\app\\helpers.php:5)
[stacktrace]
#0 {main}
"} 
[2023-12-26 09:26:11] local.ERROR: Cannot redeclare classAckTestOpen() (previously declared in D:\wamp\www\lms\app\helpers.php:5) {"exception":"[object] (Symfony\\Component\\ErrorHandler\\Error\\FatalError(code: 0): Cannot redeclare classAckTestOpen() (previously declared in D:\\wamp\\www\\lms\\app\\helpers.php:5) at D:\\wamp\\www\\lms\\app\\helpers.php:5)
[stacktrace]
#0 {main}
"} 
[2023-12-26 09:27:11] local.ERROR: Cannot redeclare classAckTestOpen() (previously declared in D:\wamp\www\lms\app\helpers.php:5) {"exception":"[object] (Symfony\\Component\\ErrorHandler\\Error\\FatalError(code: 0): Cannot redeclare classAckTestOpen() (previously declared in D:\\wamp\\www\\lms\\app\\helpers.php:5) at D:\\wamp\\www\\lms\\app\\helpers.php:5)
[stacktrace]
#0 {main}
"} 
[2023-12-26 09:28:14] local.ERROR: Cannot redeclare classAckTestOpen() (previously declared in D:\wamp\www\lms\app\helpers.php:5) {"exception":"[object] (Symfony\\Component\\ErrorHandler\\Error\\FatalError(code: 0): Cannot redeclare classAckTestOpen() (previously declared in D:\\wamp\\www\\lms\\app\\helpers.php:5) at D:\\wamp\\www\\lms\\app\\helpers.php:5)
[stacktrace]
#0 {main}
"} 
[2023-12-26 09:29:11] local.ERROR: Cannot redeclare classAckTestOpen() (previously declared in D:\wamp\www\lms\app\helpers.php:5) {"exception":"[object] (Symfony\\Component\\ErrorHandler\\Error\\FatalError(code: 0): Cannot redeclare classAckTestOpen() (previously declared in D:\\wamp\\www\\lms\\app\\helpers.php:5) at D:\\wamp\\www\\lms\\app\\helpers.php:5)
[stacktrace]
#0 {main}
"} 
[2023-12-26 09:30:11] local.ERROR: Cannot redeclare classAckTestOpen() (previously declared in D:\wamp\www\lms\app\helpers.php:5) {"exception":"[object] (Symfony\\Component\\ErrorHandler\\Error\\FatalError(code: 0): Cannot redeclare classAckTestOpen() (previously declared in D:\\wamp\\www\\lms\\app\\helpers.php:5) at D:\\wamp\\www\\lms\\app\\helpers.php:5)
[stacktrace]
#0 {main}
"} 
[2023-12-26 09:31:14] local.ERROR: Cannot redeclare classAckTestOpen() (previously declared in D:\wamp\www\lms\app\helpers.php:5) {"exception":"[object] (Symfony\\Component\\ErrorHandler\\Error\\FatalError(code: 0): Cannot redeclare classAckTestOpen() (previously declared in D:\\wamp\\www\\lms\\app\\helpers.php:5) at D:\\wamp\\www\\lms\\app\\helpers.php:5)
[stacktrace]
#0 {main}
"} 
[2023-12-26 09:32:11] local.ERROR: Cannot redeclare classAckTestOpen() (previously declared in D:\wamp\www\lms\app\helpers.php:5) {"exception":"[object] (Symfony\\Component\\ErrorHandler\\Error\\FatalError(code: 0): Cannot redeclare classAckTestOpen() (previously declared in D:\\wamp\\www\\lms\\app\\helpers.php:5) at D:\\wamp\\www\\lms\\app\\helpers.php:5)
[stacktrace]
#0 {main}
"} 
